<?xml version="1.0" encoding="UTF-8"?>
<testsuite xmlns:xsi="http://www.w3.org/2001/XMLSchema-instance" xsi:schemaLocation="https://maven.apache.org/surefire/maven-surefire-plugin/xsd/surefire-test-report.xsd" name="TestSuite" time="13.459" tests="50" errors="0" skipped="0" failures="0">
  <properties>
[...]
</properties>
  <testcase name="testEncryption" classname="com.sanjnan.server.test.TestEncryption" time="3.793"/>
  <testcase name="testEncryption" classname="com.sanjnan.server.test.TestEncryption" time="0.125"/>
  <testcase name="testEncryption" classname="com.sanjnan.server.test.TestEncryption" time="0.128"/>
  <testcase name="testEncryption" classname="com.sanjnan.server.test.TestEncryption" time="0.127"/>
  <testcase name="testEncryption" classname="com.sanjnan.server.test.TestEncryption" time="0.127"/>
  <testcase name="testEncryption" classname="com.sanjnan.server.test.TestEncryption" time="0.127"/>
  <testcase name="testEncryption" classname="com.sanjnan.server.test.TestEncryption" time="0.127"/>
  <testcase name="testEncryption" classname="com.sanjnan.server.test.TestEncryption" time="0.127"/>
  <testcase name="testEncryption" classname="com.sanjnan.server.test.TestEncryption" time="0.127"/>
  <testcase name="testEncryption" classname="com.sanjnan.server.test.TestEncryption" time="0.127"/>
  <testcase name="testEncryption" classname="com.sanjnan.server.test.TestEncryption" time="0.127"/>
  <testcase name="testEncryption" classname="com.sanjnan.server.test.TestEncryption" time="0.128"/>
  <testcase name="testEncryption" classname="com.sanjnan.server.test.TestEncryption" time="0.159"/>
  <testcase name="testEncryption" classname="com.sanjnan.server.test.TestEncryption" time="0.129"/>
  <testcase name="testEncryption" classname="com.sanjnan.server.test.TestEncryption" time="0.126"/>
  <testcase name="testEncryption" classname="com.sanjnan.server.test.TestEncryption" time="0.126"/>
  <testcase name="testEncryption" classname="com.sanjnan.server.test.TestEncryption" time="0.127"/>
  <testcase name="testEncryption" classname="com.sanjnan.server.test.TestEncryption" time="0.127"/>
  <testcase name="testEncryption" classname="com.sanjnan.server.test.TestEncryption" time="0.127"/>
  <testcase name="testEncryption" classname="com.sanjnan.server.test.TestEncryption" time="0.127"/>
  <testcase name="testEncryption" classname="com.sanjnan.server.test.TestEncryption" time="0.126"/>
  <testcase name="testEncryption" classname="com.sanjnan.server.test.TestEncryption" time="0.126"/>
  <testcase name="testEncryption" classname="com.sanjnan.server.test.TestEncryption" time="0.152"/>
  <testcase name="testEncryption" classname="com.sanjnan.server.test.TestEncryption" time="0.128"/>
  <testcase name="testEncryption" classname="com.sanjnan.server.test.TestEncryption" time="3.04"/>
  <testcase name="testEncryption" classname="com.sanjnan.server.test.TestEncryption" time="0.13"/>
  <testcase name="testEncryption" classname="com.sanjnan.server.test.TestEncryption" time="0.257"/>
  <testcase name="testEncryption" classname="com.sanjnan.server.test.TestEncryption" time="0.383"/>
  <testcase name="testEncryption" classname="com.sanjnan.server.test.TestEncryption" time="0.509"/>
  <testcase name="testEncryption" classname="com.sanjnan.server.test.TestEncryption" time="0.635"/>
  <testcase name="testEncryption" classname="com.sanjnan.server.test.TestEncryption" time="0.76"/>
  <testcase name="testEncryption" classname="com.sanjnan.server.test.TestEncryption" time="0.886"/>
  <testcase name="testEncryption" classname="com.sanjnan.server.test.TestEncryption" time="1.012"/>
  <testcase name="testEncryption" classname="com.sanjnan.server.test.TestEncryption" time="1.137"/>
  <testcase name="testEncryption" classname="com.sanjnan.server.test.TestEncryption" time="1.263"/>
  <testcase name="testEncryption" classname="com.sanjnan.server.test.TestEncryption" time="1.388"/>
  <testcase name="testEncryption" classname="com.sanjnan.server.test.TestEncryption" time="1.515"/>
  <testcase name="testEncryption" classname="com.sanjnan.server.test.TestEncryption" time="1.64"/>
  <testcase name="testEncryption" classname="com.sanjnan.server.test.TestEncryption" time="1.766"/>
  <testcase name="testEncryption" classname="com.sanjnan.server.test.TestEncryption" time="1.891"/>
  <testcase name="testEncryption" classname="com.sanjnan.server.test.TestEncryption" time="2.017"/>
  <testcase name="testEncryption" classname="com.sanjnan.server.test.TestEncryption" time="2.142"/>
  <testcase name="testEncryption" classname="com.sanjnan.server.test.TestEncryption" time="2.268"/>
  <testcase name="testEncryption" classname="com.sanjnan.server.test.TestEncryption" time="2.393"/>
  <testcase name="testEncryption" classname="com.sanjnan.server.test.TestEncryption" time="2.52"/>
  <testcase name="testEncryption" classname="com.sanjnan.server.test.TestEncryption" time="2.645"/>
  <testcase name="testEncryption" classname="com.sanjnan.server.test.TestEncryption" time="2.771"/>
  <testcase name="testEncryption" classname="com.sanjnan.server.test.TestEncryption" time="2.9"/>
  <testcase name="testEncryption" classname="com.sanjnan.server.test.TestEncryption" time="3.28"/>
  <testcase name="testEncryption" classname="com.sanjnan.server.test.TestEncryption" time="3.407"/>
</testsuite>